{"/Users/rafaelsouza/Projetos/Pessoal/Node/Estudos/auth-node/src/index.js": {"path":"/Users/rafaelsouza/Projetos/Pessoal/Node/Estudos/auth-node/src/index.js","statementMap":{"0":{"start":{"line":1,"column":0},"end":{"line":1,"column":27}},"1":{"start":{"line":3,"column":16},"end":{"line":3,"column":34}},"2":{"start":{"line":4,"column":19},"end":{"line":4,"column":41}},"3":{"start":{"line":5,"column":13},"end":{"line":5,"column":28}},"4":{"start":{"line":6,"column":13},"end":{"line":6,"column":28}},"5":{"start":{"line":8,"column":12},"end":{"line":8,"column":21}},"6":{"start":{"line":9,"column":0},"end":{"line":9,"column":15}},"7":{"start":{"line":10,"column":0},"end":{"line":10,"column":27}},"8":{"start":{"line":11,"column":0},"end":{"line":11,"column":48}},"9":{"start":{"line":12,"column":0},"end":{"line":12,"column":75}},"10":{"start":{"line":14,"column":0},"end":{"line":14,"column":40}},"11":{"start":{"line":17,"column":0},"end":{"line":17,"column":20}}},"fnMap":{},"branchMap":{},"s":{"0":2,"1":2,"2":2,"3":2,"4":2,"5":2,"6":2,"7":2,"8":2,"9":2,"10":2,"11":2},"f":{},"b":{},"_coverageSchema":"1a1c01bbd47fc00a2c39e90264f33305004495a9","hash":"bd49ff60b360924718583432bec06dda45cc1522"}
,"/Users/rafaelsouza/Projetos/Pessoal/Node/Estudos/auth-node/src/app/controllers/AuthController.js": {"path":"/Users/rafaelsouza/Projetos/Pessoal/Node/Estudos/auth-node/src/app/controllers/AuthController.js","statementMap":{"0":{"start":{"line":1,"column":16},"end":{"line":1,"column":34}},"1":{"start":{"line":2,"column":15},"end":{"line":2,"column":34}},"2":{"start":{"line":3,"column":12},"end":{"line":3,"column":35}},"3":{"start":{"line":4,"column":13},"end":{"line":4,"column":38}},"4":{"start":{"line":5,"column":19},"end":{"line":5,"column":47}},"5":{"start":{"line":6,"column":15},"end":{"line":6,"column":32}},"6":{"start":{"line":7,"column":15},"end":{"line":7,"column":46}},"7":{"start":{"line":10,"column":15},"end":{"line":10,"column":31}},"8":{"start":{"line":12,"column":0},"end":{"line":27,"column":3}},"9":{"start":{"line":13,"column":20},"end":{"line":13,"column":28}},"10":{"start":{"line":14,"column":4},"end":{"line":25,"column":5}},"11":{"start":{"line":16,"column":8},"end":{"line":17,"column":66}},"12":{"start":{"line":17,"column":8},"end":{"line":17,"column":66}},"13":{"start":{"line":19,"column":22},"end":{"line":19,"column":49}},"14":{"start":{"line":20,"column":8},"end":{"line":20,"column":33}},"15":{"start":{"line":21,"column":8},"end":{"line":21,"column":31}},"16":{"start":{"line":24,"column":8},"end":{"line":24,"column":69}},"17":{"start":{"line":29,"column":0},"end":{"line":46,"column":2}},"18":{"start":{"line":30,"column":30},"end":{"line":30,"column":38}},"19":{"start":{"line":32,"column":17},"end":{"line":32,"column":64}},"20":{"start":{"line":34,"column":4},"end":{"line":35,"column":63}},"21":{"start":{"line":35,"column":8},"end":{"line":35,"column":63}},"22":{"start":{"line":37,"column":4},"end":{"line":38,"column":65}},"23":{"start":{"line":38,"column":8},"end":{"line":38,"column":65}},"24":{"start":{"line":40,"column":8},"end":{"line":40,"column":33}},"25":{"start":{"line":42,"column":22},"end":{"line":44,"column":10}},"26":{"start":{"line":45,"column":8},"end":{"line":45,"column":38}},"27":{"start":{"line":48,"column":0},"end":{"line":87,"column":2}},"28":{"start":{"line":49,"column":22},"end":{"line":49,"column":30}},"29":{"start":{"line":51,"column":4},"end":{"line":86,"column":5}},"30":{"start":{"line":52,"column":21},"end":{"line":52,"column":48}},"31":{"start":{"line":54,"column":8},"end":{"line":55,"column":63}},"32":{"start":{"line":55,"column":8},"end":{"line":55,"column":63}},"33":{"start":{"line":57,"column":22},"end":{"line":57,"column":58}},"34":{"start":{"line":59,"column":20},"end":{"line":59,"column":30}},"35":{"start":{"line":61,"column":8},"end":{"line":61,"column":41}},"36":{"start":{"line":64,"column":8},"end":{"line":69,"column":10}},"37":{"start":{"line":70,"column":4},"end":{"line":81,"column":14}},"38":{"start":{"line":77,"column":12},"end":{"line":78,"column":101}},"39":{"start":{"line":78,"column":16},"end":{"line":78,"column":101}},"40":{"start":{"line":80,"column":16},"end":{"line":80,"column":34}},"41":{"start":{"line":85,"column":8},"end":{"line":85,"column":71}},"42":{"start":{"line":89,"column":0},"end":{"line":89,"column":49}},"43":{"start":{"line":89,"column":24},"end":{"line":89,"column":48}}},"fnMap":{"0":{"name":"(anonymous_0)","decl":{"start":{"line":12,"column":25},"end":{"line":12,"column":26}},"loc":{"start":{"line":12,"column":44},"end":{"line":27,"column":1}},"line":12},"1":{"name":"(anonymous_1)","decl":{"start":{"line":29,"column":29},"end":{"line":29,"column":30}},"loc":{"start":{"line":29,"column":48},"end":{"line":46,"column":1}},"line":29},"2":{"name":"(anonymous_2)","decl":{"start":{"line":48,"column":32},"end":{"line":48,"column":33}},"loc":{"start":{"line":48,"column":52},"end":{"line":87,"column":1}},"line":48},"3":{"name":"(anonymous_3)","decl":{"start":{"line":76,"column":10},"end":{"line":76,"column":11}},"loc":{"start":{"line":76,"column":19},"end":{"line":81,"column":13}},"line":76},"4":{"name":"(anonymous_4)","decl":{"start":{"line":89,"column":17},"end":{"line":89,"column":18}},"loc":{"start":{"line":89,"column":24},"end":{"line":89,"column":48}},"line":89}},"branchMap":{"0":{"loc":{"start":{"line":16,"column":8},"end":{"line":17,"column":66}},"type":"if","locations":[{"start":{"line":16,"column":8},"end":{"line":17,"column":66}},{"start":{"line":16,"column":8},"end":{"line":17,"column":66}}],"line":16},"1":{"loc":{"start":{"line":34,"column":4},"end":{"line":35,"column":63}},"type":"if","locations":[{"start":{"line":34,"column":4},"end":{"line":35,"column":63}},{"start":{"line":34,"column":4},"end":{"line":35,"column":63}}],"line":34},"2":{"loc":{"start":{"line":37,"column":4},"end":{"line":38,"column":65}},"type":"if","locations":[{"start":{"line":37,"column":4},"end":{"line":38,"column":65}},{"start":{"line":37,"column":4},"end":{"line":38,"column":65}}],"line":37},"3":{"loc":{"start":{"line":54,"column":8},"end":{"line":55,"column":63}},"type":"if","locations":[{"start":{"line":54,"column":8},"end":{"line":55,"column":63}},{"start":{"line":54,"column":8},"end":{"line":55,"column":63}}],"line":54},"4":{"loc":{"start":{"line":77,"column":12},"end":{"line":78,"column":101}},"type":"if","locations":[{"start":{"line":77,"column":12},"end":{"line":78,"column":101}},{"start":{"line":77,"column":12},"end":{"line":78,"column":101}}],"line":77}},"s":{"0":2,"1":2,"2":2,"3":2,"4":2,"5":2,"6":2,"7":2,"8":2,"9":1,"10":1,"11":1,"12":0,"13":1,"14":1,"15":1,"16":0,"17":2,"18":1,"19":1,"20":1,"21":0,"22":1,"23":0,"24":1,"25":1,"26":1,"27":2,"28":0,"29":0,"30":0,"31":0,"32":0,"33":0,"34":0,"35":0,"36":0,"37":0,"38":0,"39":0,"40":0,"41":0,"42":2,"43":2},"f":{"0":1,"1":1,"2":0,"3":0,"4":2},"b":{"0":[0,1],"1":[0,1],"2":[0,1],"3":[0,0],"4":[0,0]},"_coverageSchema":"1a1c01bbd47fc00a2c39e90264f33305004495a9","hash":"f4be883ccfcfab85cca2108294b9fa64ba294971"}
,"/Users/rafaelsouza/Projetos/Pessoal/Node/Estudos/auth-node/src/app/controllers/PetController.js": {"path":"/Users/rafaelsouza/Projetos/Pessoal/Node/Estudos/auth-node/src/app/controllers/PetController.js","statementMap":{"0":{"start":{"line":1,"column":16},"end":{"line":1,"column":34}},"1":{"start":{"line":2,"column":23},"end":{"line":2,"column":53}},"2":{"start":{"line":3,"column":15},"end":{"line":3,"column":32}},"3":{"start":{"line":4,"column":21},"end":{"line":4,"column":51}},"4":{"start":{"line":5,"column":12},"end":{"line":5,"column":36}},"5":{"start":{"line":6,"column":13},"end":{"line":6,"column":38}},"6":{"start":{"line":8,"column":15},"end":{"line":8,"column":31}},"7":{"start":{"line":9,"column":15},"end":{"line":9,"column":35}},"8":{"start":{"line":11,"column":0},"end":{"line":11,"column":26}},"9":{"start":{"line":13,"column":0},"end":{"line":42,"column":3}},"10":{"start":{"line":14,"column":33},"end":{"line":14,"column":45}},"11":{"start":{"line":15,"column":40},"end":{"line":15,"column":52}},"12":{"start":{"line":16,"column":24},"end":{"line":16,"column":39}},"13":{"start":{"line":18,"column":4},"end":{"line":38,"column":5}},"14":{"start":{"line":19,"column":21},"end":{"line":19,"column":49}},"15":{"start":{"line":20,"column":8},"end":{"line":21,"column":82}},"16":{"start":{"line":21,"column":12},"end":{"line":21,"column":82}},"17":{"start":{"line":23,"column":20},"end":{"line":31,"column":10}},"18":{"start":{"line":33,"column":8},"end":{"line":33,"column":50}},"19":{"start":{"line":34,"column":8},"end":{"line":34,"column":24}},"20":{"start":{"line":35,"column":8},"end":{"line":35,"column":33}},"21":{"start":{"line":44,"column":0},"end":{"line":44,"column":48}},"22":{"start":{"line":44,"column":24},"end":{"line":44,"column":47}}},"fnMap":{"0":{"name":"(anonymous_0)","decl":{"start":{"line":13,"column":51},"end":{"line":13,"column":52}},"loc":{"start":{"line":13,"column":80},"end":{"line":42,"column":1}},"line":13},"1":{"name":"(anonymous_1)","decl":{"start":{"line":44,"column":17},"end":{"line":44,"column":18}},"loc":{"start":{"line":44,"column":24},"end":{"line":44,"column":47}},"line":44}},"branchMap":{"0":{"loc":{"start":{"line":14,"column":21},"end":{"line":14,"column":28}},"type":"default-arg","locations":[{"start":{"line":14,"column":26},"end":{"line":14,"column":28}}],"line":14},"1":{"loc":{"start":{"line":20,"column":8},"end":{"line":21,"column":82}},"type":"if","locations":[{"start":{"line":20,"column":8},"end":{"line":21,"column":82}},{"start":{"line":20,"column":8},"end":{"line":21,"column":82}}],"line":20}},"s":{"0":2,"1":2,"2":2,"3":2,"4":2,"5":2,"6":2,"7":2,"8":2,"9":2,"10":0,"11":0,"12":0,"13":0,"14":0,"15":0,"16":0,"17":0,"18":0,"19":0,"20":0,"21":2,"22":2},"f":{"0":0,"1":2},"b":{"0":[0],"1":[0,0]},"_coverageSchema":"1a1c01bbd47fc00a2c39e90264f33305004495a9","hash":"2efa3338ee4b13824a096b1807401ac9d9b0011f"}
,"/Users/rafaelsouza/Projetos/Pessoal/Node/Estudos/auth-node/src/app/controllers/index.js": {"path":"/Users/rafaelsouza/Projetos/Pessoal/Node/Estudos/auth-node/src/app/controllers/index.js","statementMap":{"0":{"start":{"line":1,"column":11},"end":{"line":1,"column":24}},"1":{"start":{"line":2,"column":13},"end":{"line":2,"column":28}},"2":{"start":{"line":4,"column":0},"end":{"line":8,"column":1}},"3":{"start":{"line":5,"column":4},"end":{"line":7,"column":65}},"4":{"start":{"line":6,"column":21},"end":{"line":6,"column":71}},"5":{"start":{"line":7,"column":20},"end":{"line":7,"column":63}}},"fnMap":{"0":{"name":"(anonymous_0)","decl":{"start":{"line":4,"column":17},"end":{"line":4,"column":18}},"loc":{"start":{"line":4,"column":24},"end":{"line":8,"column":1}},"line":4},"1":{"name":"(anonymous_1)","decl":{"start":{"line":6,"column":12},"end":{"line":6,"column":13}},"loc":{"start":{"line":6,"column":21},"end":{"line":6,"column":71}},"line":6},"2":{"name":"(anonymous_2)","decl":{"start":{"line":7,"column":13},"end":{"line":7,"column":14}},"loc":{"start":{"line":7,"column":20},"end":{"line":7,"column":63}},"line":7}},"branchMap":{"0":{"loc":{"start":{"line":6,"column":21},"end":{"line":6,"column":71}},"type":"binary-expr","locations":[{"start":{"line":6,"column":21},"end":{"line":6,"column":46}},{"start":{"line":6,"column":51},"end":{"line":6,"column":70}}],"line":6}},"s":{"0":2,"1":2,"2":2,"3":2,"4":6,"5":4},"f":{"0":2,"1":6,"2":4},"b":{"0":[6,6]},"_coverageSchema":"1a1c01bbd47fc00a2c39e90264f33305004495a9","hash":"d35430bebdf5f0597a2c075e212890b9c0dd579d"}
,"/Users/rafaelsouza/Projetos/Pessoal/Node/Estudos/auth-node/src/app/middlewares/auth.js": {"path":"/Users/rafaelsouza/Projetos/Pessoal/Node/Estudos/auth-node/src/app/middlewares/auth.js","statementMap":{"0":{"start":{"line":1,"column":12},"end":{"line":1,"column":35}},"1":{"start":{"line":2,"column":19},"end":{"line":2,"column":52}},"2":{"start":{"line":4,"column":0},"end":{"line":29,"column":2}},"3":{"start":{"line":5,"column":23},"end":{"line":5,"column":48}},"4":{"start":{"line":7,"column":4},"end":{"line":9,"column":5}},"5":{"start":{"line":8,"column":8},"end":{"line":8,"column":66}},"6":{"start":{"line":11,"column":18},"end":{"line":11,"column":39}},"7":{"start":{"line":12,"column":4},"end":{"line":14,"column":5}},"8":{"start":{"line":13,"column":8},"end":{"line":13,"column":60}},"9":{"start":{"line":17,"column":30},"end":{"line":17,"column":35}},"10":{"start":{"line":18,"column":4},"end":{"line":20,"column":5}},"11":{"start":{"line":19,"column":8},"end":{"line":19,"column":67}},"12":{"start":{"line":22,"column":4},"end":{"line":28,"column":6}},"13":{"start":{"line":23,"column":8},"end":{"line":24,"column":66}},"14":{"start":{"line":24,"column":12},"end":{"line":24,"column":66}},"15":{"start":{"line":26,"column":8},"end":{"line":26,"column":32}},"16":{"start":{"line":27,"column":8},"end":{"line":27,"column":22}}},"fnMap":{"0":{"name":"(anonymous_0)","decl":{"start":{"line":4,"column":17},"end":{"line":4,"column":18}},"loc":{"start":{"line":4,"column":37},"end":{"line":29,"column":1}},"line":4},"1":{"name":"(anonymous_1)","decl":{"start":{"line":22,"column":41},"end":{"line":22,"column":42}},"loc":{"start":{"line":22,"column":59},"end":{"line":28,"column":5}},"line":22}},"branchMap":{"0":{"loc":{"start":{"line":7,"column":4},"end":{"line":9,"column":5}},"type":"if","locations":[{"start":{"line":7,"column":4},"end":{"line":9,"column":5}},{"start":{"line":7,"column":4},"end":{"line":9,"column":5}}],"line":7},"1":{"loc":{"start":{"line":12,"column":4},"end":{"line":14,"column":5}},"type":"if","locations":[{"start":{"line":12,"column":4},"end":{"line":14,"column":5}},{"start":{"line":12,"column":4},"end":{"line":14,"column":5}}],"line":12},"2":{"loc":{"start":{"line":18,"column":4},"end":{"line":20,"column":5}},"type":"if","locations":[{"start":{"line":18,"column":4},"end":{"line":20,"column":5}},{"start":{"line":18,"column":4},"end":{"line":20,"column":5}}],"line":18},"3":{"loc":{"start":{"line":23,"column":8},"end":{"line":24,"column":66}},"type":"if","locations":[{"start":{"line":23,"column":8},"end":{"line":24,"column":66}},{"start":{"line":23,"column":8},"end":{"line":24,"column":66}}],"line":23}},"s":{"0":2,"1":2,"2":2,"3":1,"4":1,"5":1,"6":0,"7":0,"8":0,"9":0,"10":0,"11":0,"12":0,"13":0,"14":0,"15":0,"16":0},"f":{"0":1,"1":0},"b":{"0":[1,0],"1":[0,0],"2":[0,0],"3":[0,0]},"_coverageSchema":"1a1c01bbd47fc00a2c39e90264f33305004495a9","hash":"19901f54694679f63aec0af05b0bb971d2eb39fc"}
,"/Users/rafaelsouza/Projetos/Pessoal/Node/Estudos/auth-node/src/app/models/Pet.js": {"path":"/Users/rafaelsouza/Projetos/Pessoal/Node/Estudos/auth-node/src/app/models/Pet.js","statementMap":{"0":{"start":{"line":1,"column":17},"end":{"line":1,"column":42}},"1":{"start":{"line":2,"column":18},"end":{"line":33,"column":2}},"2":{"start":{"line":36,"column":0},"end":{"line":36,"column":50}}},"fnMap":{},"branchMap":{},"s":{"0":2,"1":2,"2":2},"f":{},"b":{},"_coverageSchema":"1a1c01bbd47fc00a2c39e90264f33305004495a9","hash":"214af580aea3f8a5111934954db498fb3d2ede64"}
,"/Users/rafaelsouza/Projetos/Pessoal/Node/Estudos/auth-node/src/app/models/User.js": {"path":"/Users/rafaelsouza/Projetos/Pessoal/Node/Estudos/auth-node/src/app/models/User.js","statementMap":{"0":{"start":{"line":1,"column":17},"end":{"line":1,"column":42}},"1":{"start":{"line":2,"column":15},"end":{"line":2,"column":34}},"2":{"start":{"line":3,"column":19},"end":{"line":33,"column":2}},"3":{"start":{"line":35,"column":0},"end":{"line":39,"column":2}},"4":{"start":{"line":36,"column":17},"end":{"line":36,"column":53}},"5":{"start":{"line":37,"column":4},"end":{"line":37,"column":24}},"6":{"start":{"line":38,"column":4},"end":{"line":38,"column":11}},"7":{"start":{"line":41,"column":13},"end":{"line":41,"column":47}},"8":{"start":{"line":43,"column":0},"end":{"line":43,"column":21}}},"fnMap":{"0":{"name":"(anonymous_0)","decl":{"start":{"line":35,"column":23},"end":{"line":35,"column":24}},"loc":{"start":{"line":35,"column":43},"end":{"line":39,"column":1}},"line":35}},"branchMap":{},"s":{"0":2,"1":2,"2":2,"3":2,"4":1,"5":1,"6":1,"7":2,"8":2},"f":{"0":1},"b":{},"_coverageSchema":"1a1c01bbd47fc00a2c39e90264f33305004495a9","hash":"25b7dd0a9065ced3b99a71eccf072b54ceb5e742"}
,"/Users/rafaelsouza/Projetos/Pessoal/Node/Estudos/auth-node/src/config/upload.js": {"path":"/Users/rafaelsouza/Projetos/Pessoal/Node/Estudos/auth-node/src/config/upload.js","statementMap":{"0":{"start":{"line":1,"column":15},"end":{"line":1,"column":32}},"1":{"start":{"line":2,"column":13},"end":{"line":2,"column":28}},"2":{"start":{"line":3,"column":15},"end":{"line":3,"column":32}},"3":{"start":{"line":4,"column":16},"end":{"line":4,"column":36}},"4":{"start":{"line":5,"column":12},"end":{"line":5,"column":30}},"5":{"start":{"line":7,"column":22},"end":{"line":39,"column":1}},"6":{"start":{"line":10,"column":12},"end":{"line":10,"column":83}},"7":{"start":{"line":13,"column":12},"end":{"line":18,"column":15}},"8":{"start":{"line":14,"column":16},"end":{"line":14,"column":38}},"9":{"start":{"line":14,"column":24},"end":{"line":14,"column":38}},"10":{"start":{"line":16,"column":16},"end":{"line":16,"column":74}},"11":{"start":{"line":17,"column":16},"end":{"line":17,"column":41}},"12":{"start":{"line":31,"column":12},"end":{"line":36,"column":15}},"13":{"start":{"line":32,"column":16},"end":{"line":32,"column":38}},"14":{"start":{"line":32,"column":24},"end":{"line":32,"column":38}},"15":{"start":{"line":34,"column":33},"end":{"line":34,"column":79}},"16":{"start":{"line":35,"column":16},"end":{"line":35,"column":41}},"17":{"start":{"line":41,"column":0},"end":{"line":64,"column":1}},"18":{"start":{"line":48,"column":29},"end":{"line":53,"column":9}},"19":{"start":{"line":55,"column":8},"end":{"line":59,"column":9}},"20":{"start":{"line":56,"column":12},"end":{"line":56,"column":33}},"21":{"start":{"line":58,"column":12},"end":{"line":58,"column":54}}},"fnMap":{"0":{"name":"(anonymous_0)","decl":{"start":{"line":9,"column":21},"end":{"line":9,"column":22}},"loc":{"start":{"line":9,"column":47},"end":{"line":11,"column":9}},"line":9},"1":{"name":"(anonymous_1)","decl":{"start":{"line":12,"column":18},"end":{"line":12,"column":19}},"loc":{"start":{"line":12,"column":44},"end":{"line":19,"column":9}},"line":12},"2":{"name":"(anonymous_2)","decl":{"start":{"line":13,"column":35},"end":{"line":13,"column":36}},"loc":{"start":{"line":13,"column":50},"end":{"line":18,"column":13}},"line":13},"3":{"name":"(anonymous_3)","decl":{"start":{"line":30,"column":13},"end":{"line":30,"column":14}},"loc":{"start":{"line":30,"column":39},"end":{"line":37,"column":9}},"line":30},"4":{"name":"(anonymous_4)","decl":{"start":{"line":31,"column":35},"end":{"line":31,"column":36}},"loc":{"start":{"line":31,"column":50},"end":{"line":36,"column":13}},"line":31},"5":{"name":"(anonymous_5)","decl":{"start":{"line":47,"column":17},"end":{"line":47,"column":18}},"loc":{"start":{"line":47,"column":42},"end":{"line":60,"column":5}},"line":47}},"branchMap":{"0":{"loc":{"start":{"line":14,"column":16},"end":{"line":14,"column":38}},"type":"if","locations":[{"start":{"line":14,"column":16},"end":{"line":14,"column":38}},{"start":{"line":14,"column":16},"end":{"line":14,"column":38}}],"line":14},"1":{"loc":{"start":{"line":32,"column":16},"end":{"line":32,"column":38}},"type":"if","locations":[{"start":{"line":32,"column":16},"end":{"line":32,"column":38}},{"start":{"line":32,"column":16},"end":{"line":32,"column":38}}],"line":32},"2":{"loc":{"start":{"line":55,"column":8},"end":{"line":59,"column":9}},"type":"if","locations":[{"start":{"line":55,"column":8},"end":{"line":59,"column":9}},{"start":{"line":55,"column":8},"end":{"line":59,"column":9}}],"line":55}},"s":{"0":2,"1":2,"2":2,"3":2,"4":2,"5":2,"6":0,"7":0,"8":0,"9":0,"10":0,"11":0,"12":0,"13":0,"14":0,"15":0,"16":0,"17":2,"18":0,"19":0,"20":0,"21":0},"f":{"0":0,"1":0,"2":0,"3":0,"4":0,"5":0},"b":{"0":[0,0],"1":[0,0],"2":[0,0]},"_coverageSchema":"1a1c01bbd47fc00a2c39e90264f33305004495a9","hash":"1e18a5f52b3f6a6517ba44d3e5fb4da4ab704d4c"}
,"/Users/rafaelsouza/Projetos/Pessoal/Node/Estudos/auth-node/src/database/index.js": {"path":"/Users/rafaelsouza/Projetos/Pessoal/Node/Estudos/auth-node/src/database/index.js","statementMap":{"0":{"start":{"line":1,"column":17},"end":{"line":1,"column":36}},"1":{"start":{"line":3,"column":23},"end":{"line":3,"column":125}},"2":{"start":{"line":4,"column":22},"end":{"line":4,"column":128}},"3":{"start":{"line":5,"column":18},"end":{"line":5,"column":125}},"4":{"start":{"line":10,"column":0},"end":{"line":25,"column":1}},"5":{"start":{"line":12,"column":8},"end":{"line":12,"column":33}},"6":{"start":{"line":13,"column":8},"end":{"line":13,"column":14}},"7":{"start":{"line":15,"column":8},"end":{"line":15,"column":38}},"8":{"start":{"line":16,"column":8},"end":{"line":16,"column":14}},"9":{"start":{"line":18,"column":8},"end":{"line":18,"column":37}},"10":{"start":{"line":19,"column":8},"end":{"line":19,"column":14}},"11":{"start":{"line":21,"column":8},"end":{"line":21,"column":37}},"12":{"start":{"line":22,"column":8},"end":{"line":22,"column":14}},"13":{"start":{"line":27,"column":0},"end":{"line":32,"column":3}},"14":{"start":{"line":37,"column":0},"end":{"line":37,"column":26}}},"fnMap":{},"branchMap":{"0":{"loc":{"start":{"line":10,"column":0},"end":{"line":25,"column":1}},"type":"switch","locations":[{"start":{"line":11,"column":4},"end":{"line":13,"column":14}},{"start":{"line":14,"column":4},"end":{"line":16,"column":14}},{"start":{"line":17,"column":4},"end":{"line":19,"column":14}},{"start":{"line":20,"column":4},"end":{"line":22,"column":14}}],"line":10}},"s":{"0":2,"1":2,"2":2,"3":2,"4":2,"5":2,"6":2,"7":0,"8":0,"9":0,"10":0,"11":0,"12":0,"13":2,"14":2},"f":{},"b":{"0":[2,0,0,0]},"_coverageSchema":"1a1c01bbd47fc00a2c39e90264f33305004495a9","hash":"329bf90904e41b37e36a67a78f61ffbff591aaca"}
,"/Users/rafaelsouza/Projetos/Pessoal/Node/Estudos/auth-node/src/modules/mailer.js": {"path":"/Users/rafaelsouza/Projetos/Pessoal/Node/Estudos/auth-node/src/modules/mailer.js","statementMap":{"0":{"start":{"line":1,"column":19},"end":{"line":1,"column":40}},"1":{"start":{"line":2,"column":12},"end":{"line":2,"column":52}},"2":{"start":{"line":3,"column":13},"end":{"line":3,"column":28}},"3":{"start":{"line":5,"column":34},"end":{"line":5,"column":64}},"4":{"start":{"line":7,"column":16},"end":{"line":11,"column":4}},"5":{"start":{"line":13,"column":27},"end":{"line":22,"column":3}},"6":{"start":{"line":24,"column":2},"end":{"line":24,"column":49}},"7":{"start":{"line":29,"column":2},"end":{"line":29,"column":29}}},"fnMap":{},"branchMap":{},"s":{"0":2,"1":2,"2":2,"3":2,"4":2,"5":2,"6":2,"7":2},"f":{},"b":{},"_coverageSchema":"1a1c01bbd47fc00a2c39e90264f33305004495a9","hash":"943f40a2f787fe6687b3119f78f8c68f6efca3f6"}
}
